[0m12:53:22.289831 [debug] [MainThread]: Sending event: {'category': 'dbt', 'action': 'invocation', 'label': 'start', 'context': [<snowplow_tracker.self_describing_json.SelfDescribingJson object at 0x7f9770aea9d0>, <snowplow_tracker.self_describing_json.SelfDescribingJson object at 0x7f9770a96890>, <snowplow_tracker.self_describing_json.SelfDescribingJson object at 0x7f9770aead10>]}


============================== 12:53:22.294617 | 1c8f62ab-ab7a-4ce9-966d-aeba73ce63ee ==============================
[0m12:53:22.294617 [info ] [MainThread]: Running with dbt=1.9.4
[0m12:53:22.295402 [debug] [MainThread]: running dbt with arguments {'printer_width': '80', 'indirect_selection': 'eager', 'write_json': 'True', 'log_cache_events': 'False', 'partial_parse': 'True', 'cache_selected_only': 'False', 'profiles_dir': '/home/ubuntu/.dbt', 'version_check': 'True', 'fail_fast': 'False', 'log_path': 'logs', 'debug': 'False', 'warn_error': 'None', 'use_colors': 'True', 'use_experimental_parser': 'False', 'no_print': 'None', 'quiet': 'False', 'empty': 'None', 'warn_error_options': 'WarnErrorOptions(include=[], exclude=[])', 'invocation_command': 'dbt init termometro_economia', 'log_format': 'default', 'introspect': 'True', 'target_path': 'None', 'static_parser': 'True', 'send_anonymous_usage_stats': 'True'}
[0m12:53:22.307322 [warn ] [MainThread]: [ConfigFolderDirectory]: Unable to parse logging event dictionary. Failed to parse dir field: expected string or bytes-like object, got 'PosixPath'.. Dictionary: {'dir': PosixPath('/home/ubuntu/.dbt')}
[0m12:53:22.307938 [info ] [MainThread]: Creating dbt configuration folder at 
[0m12:53:22.309466 [debug] [MainThread]: Starter project path: /usr/local/lib/python3.11/dist-packages/dbt/include/starter_project
[0m12:53:22.312426 [info ] [MainThread]: 
Your new dbt project "termometro_economia" was created!

For more information on how to configure the profiles.yml file,
please consult the dbt documentation here:

  https://docs.getdbt.com/docs/configure-your-profile

One more thing:

Need help? Don't hesitate to reach out to us via GitHub issues or on Slack:

  https://community.getdbt.com/

Happy modeling!

[0m12:53:22.313042 [info ] [MainThread]: Setting up your profile.
[0m12:55:23.578400 [info ] [MainThread]: Profile termometro_economia written to /home/ubuntu/.dbt/profiles.yml using target's profile_template.yml and your supplied values. Run 'dbt debug' to validate the connection.
[0m12:55:23.580199 [debug] [MainThread]: Resource report: {"command_name": "init", "command_success": true, "command_wall_clock_time": 121.358, "process_in_blocks": "1936", "process_kernel_time": 0.325038, "process_mem_max_rss": "99944", "process_out_blocks": "600", "process_user_time": 1.733639}
[0m12:55:23.580835 [debug] [MainThread]: Command `dbt init` succeeded at 12:55:23.580698 after 121.36 seconds
[0m12:55:23.581426 [debug] [MainThread]: Sending event: {'category': 'dbt', 'action': 'invocation', 'label': 'end', 'context': [<snowplow_tracker.self_describing_json.SelfDescribingJson object at 0x7f9774c0ff50>, <snowplow_tracker.self_describing_json.SelfDescribingJson object at 0x7f9774c0f250>, <snowplow_tracker.self_describing_json.SelfDescribingJson object at 0x7f9770a26110>]}
[0m12:55:23.582110 [debug] [MainThread]: Flushing usage events
[0m12:55:23.607120 [debug] [MainThread]: An error was encountered while trying to flush usage events
